Uncaught com.badlogic.gdx.utils.GdxRuntimeException exception in thread "LWJGL Application" in a method com.badlogic.gdx.backends.lwjgl.LwjglApplication$1.run() with signature ()V
Exception in thread "LWJGL Application" com.badlogic.gdx.utils.GdxRuntimeException: Couldn't load file: data/laberinto.png
	at com.badlogic.gdx.graphics.Pixmap.<init>(Pixmap.java:140) [jar:file:/home/alumno/Documents/Semana_P_4/SEMANA_P41/libs/gdx.jar!/com/badlogic/gdx/graphics/Pixmap.class]
	at com.badlogic.gdx.graphics.glutils.FileTextureData.prepare(FileTextureData.java:64) [jar:file:/home/alumno/Documents/Semana_P_4/SEMANA_P41/libs/gdx.jar!/com/badlogic/gdx/graphics/glutils/FileTextureData.class]
	at com.badlogic.gdx.graphics.Texture.load(Texture.java:142) [jar:file:/home/alumno/Documents/Semana_P_4/SEMANA_P41/libs/gdx.jar!/com/badlogic/gdx/graphics/Texture.class]
	at com.badlogic.gdx.graphics.Texture.<init>(Texture.java:133) [jar:file:/home/alumno/Documents/Semana_P_4/SEMANA_P41/libs/gdx.jar!/com/badlogic/gdx/graphics/Texture.class]
	at com.badlogic.gdx.graphics.Texture.<init>(Texture.java:112) [jar:file:/home/alumno/Documents/Semana_P_4/SEMANA_P41/libs/gdx.jar!/com/badlogic/gdx/graphics/Texture.class]
	at com.badlogic.gdx.graphics.Texture.<init>(Texture.java:104) [jar:file:/home/alumno/Documents/Semana_P_4/SEMANA_P41/libs/gdx.jar!/com/badlogic/gdx/graphics/Texture.class]
	at com.me.mygdxgame.MyGdxGame.create(MyGdxGame.java:32) [file:/home/alumno/Documents/Semana_P_4/SEMANA_P41/bin/com/me/mygdxgame/MyGdxGame.class]
	at com.badlogic.gdx.backends.lwjgl.LwjglApplication.mainLoop(LwjglApplication.java:137) [jar:file:/home/alumno/Documents/Semana_P_4/SEMANA_P41-desktop/libs/gdx-backend-lwjgl.jar!/com/badlogic/gdx/backends/lwjgl/LwjglApplication.class]
	at com.badlogic.gdx.backends.lwjgl.LwjglApplication$1.run(LwjglApplication.java:115) [jar:file:/home/alumno/Documents/Semana_P_4/SEMANA_P41-desktop/libs/gdx-backend-lwjgl.jar!/com/badlogic/gdx/backends/lwjgl/LwjglApplication$1.class]
Caused by: java.io.IOException: couldn't load pixmap 8bit only
	at com.badlogic.gdx.graphics.g2d.Gdx2DPixmap.<init>(Gdx2DPixmap.java:57) [jar:file:/home/alumno/Documents/Semana_P_4/SEMANA_P41/libs/gdx.jar!/com/badlogic/gdx/graphics/g2d/Gdx2DPixmap.class]
	at com.badlogic.gdx.graphics.Pixmap.<init>(Pixmap.java:138) [jar:file:/home/alumno/Documents/Semana_P_4/SEMANA_P41/libs/gdx.jar!/com/badlogic/gdx/graphics/Pixmap.class]
	at com.badlogic.gdx.graphics.glutils.FileTextureData.prepare(FileTextureData.java:64) [jar:file:/home/alumno/Documents/Semana_P_4/SEMANA_P41/libs/gdx.jar!/com/badlogic/gdx/graphics/glutils/FileTextureData.class]
	at com.badlogic.gdx.graphics.Texture.load(Texture.java:142) [jar:file:/home/alumno/Documents/Semana_P_4/SEMANA_P41/libs/gdx.jar!/com/badlogic/gdx/graphics/Texture.class]
	at com.badlogic.gdx.graphics.Texture.<init>(Texture.java:133) [jar:file:/home/alumno/Documents/Semana_P_4/SEMANA_P41/libs/gdx.jar!/com/badlogic/gdx/graphics/Texture.class]
	at com.badlogic.gdx.graphics.Texture.<init>(Texture.java:112) [jar:file:/home/alumno/Documents/Semana_P_4/SEMANA_P41/libs/gdx.jar!/com/badlogic/gdx/graphics/Texture.class]
	at com.badlogic.gdx.graphics.Texture.<init>(Texture.java:104) [jar:file:/home/alumno/Documents/Semana_P_4/SEMANA_P41/libs/gdx.jar!/com/badlogic/gdx/graphics/Texture.class]
	at com.me.mygdxgame.MyGdxGame.create(MyGdxGame.java:32) [file:/home/alumno/Documents/Semana_P_4/SEMANA_P41/bin/com/me/mygdxgame/MyGdxGame.class]
	at com.badlogic.gdx.backends.lwjgl.LwjglApplication.mainLoop(LwjglApplication.java:137) [jar:file:/home/alumno/Documents/Semana_P_4/SEMANA_P41-desktop/libs/gdx-backend-lwjgl.jar!/com/badlogic/gdx/backends/lwjgl/LwjglApplication.class]
	at com.badlogic.gdx.backends.lwjgl.LwjglApplication$1.run(LwjglApplication.java:115) [jar:file:/home/alumno/Documents/Semana_P_4/SEMANA_P41-desktop/libs/gdx-backend-lwjgl.jar!/com/badlogic/gdx/backends/lwjgl/LwjglApplication$1.class]
